
> app-angular@0.0.0 start
> ng serve

- Generating browser application bundles (phase: setup)...
[32m✔[39m Browser application bundle generation complete.

Initial chunk files   | Names         |  Raw size
vendor.js             | vendor        |   3.93 MB |
main.js               | main          | 853.66 kB |
polyfills.js          | polyfills     | 256.31 kB |
scripts.js            | scripts       | 250.36 kB |
styles.css, styles.js | styles        | 159.74 kB |
runtime.js            | runtime       |   6.92 kB |

                      | Initial total |   5.46 MB

Build at: 2026-03-09T09:29:35.786Z - Hash: 85d8551dd4992d85 - Time: 14920ms

** Angular Live Development Server is listening on localhost:4200, open your browser on http://localhost:4200/ **


✔ Compiled successfully.
[32m✔[39m Browser application bundle generation complete.

Initial chunk files | Names   |  Raw size
main.js             | main    | 859.00 kB |
runtime.js          | runtime |   6.92 kB |

4 unchanged chunks

Build at: 2026-03-09T10:02:37.740Z - Hash: 62d491fe3886ae0d - Time: 11489ms

✔ Compiled successfully.
